'use strict';

angular.module('app.serie', [])
.component('serie', {
  templateUrl: 'app/serie/serie.html',
  controller: Controller,
  controllerAs: 'page'
});

Controller.$inject = ['$log', '$http', '$window', 'myService'];

function Controller($log, $http, $window, myService) {
  const vm = this;
  vm.complete = false;
  vm.getting = false;
  let global = {};
  if (_.isEmpty(myService.get())) {
    global = {'url': '', 'serie': []};
  } else {
    global = myService.get();
  }
  $log.log(global);
  vm.myurl = global.url;
  vm.serie = global.serie;
  vm.getSerie = function () {
    vm.getting = true;
    $log.log('get serie click...');
    $log.log(global.url);
    $http({
      method: 'POST',
      url: 'http://127.0.0.1:5000/serie',
      data: {
        url: global.url
      }
    }).then((response) => {
      $log.log('post success...get serie...');
      $log.log(response.data);
      vm.serie = response.data.serie;
      global.serie = vm.serie;
      myService.set(global);
      $log.log(global);
      vm.complete = true;
    }, () => {
      $log.log('post failure...do not get serie...');
      vm.complete = true;
    });
  };

  function inLst(url, lst) {
    let ret = false;
    $.map(lst, (o) => {
      if (o.href === url) {
        ret = true;
      }
    });
    return ret;
  }

  vm.select = function (i) {
    $log.log(i);
    vm.myurl = i;
    global.url = i;
    myService.set(global);
    $window.location.href = '/online';
  };
}
